<?xml version="1.0" encoding="UTF-8"?>
<!-- Generated by org.testng.reporters.JUnitReportReporter -->
<testsuite hostname="DESKTOP-QNHJ5Q7" name="pages_POM.LoginTest" tests="3" failures="0" timestamp="31 Oct 2022 10:23:20 GMT" time="4.847" errors="0">
  <testcase name="verifyLogout" time="1.270" classname="pages_POM.LoginTest"/>
  <testcase name="TC_01_verifyLoginFeatureWithValid" time="3.561" classname="pages_POM.LoginTest"/>
  <testcase name="verifyAppLicationTitle" time="0.016" classname="pages_POM.LoginTest"/>
</testsuite> <!-- pages_POM.LoginTest -->
