<?xml version="1.0" encoding="UTF-8"?>
<!-- Generated by org.testng.reporters.JUnitReportReporter -->
<testsuite hostname="DESKTOP-QNHJ5Q7" name="syncIssues.ExplicitWait_Custom" tests="1" failures="0" timestamp="26 Oct 2022 09:43:31 GMT" time="14.885" errors="0">
  <testcase name="verifyLoginLogoutTest" time="14.885" classname="syncIssues.ExplicitWait_Custom"/>
</testsuite> <!-- syncIssues.ExplicitWait_Custom -->
