<?xml version="1.0" encoding="UTF-8"?>
<!-- Generated by org.testng.reporters.JUnitReportReporter -->
<testsuite hostname="DESKTOP-QNHJ5Q7" name="actions_rightclick.RightClickDoubleClick" tests="2" failures="0" timestamp="26 Oct 2022 10:36:07 GMT" time="602.850" errors="0">
  <testcase name="doubleClickTest" time="600.366" classname="actions_rightclick.RightClickDoubleClick"/>
  <testcase name="rightClickTest" time="2.484" classname="actions_rightclick.RightClickDoubleClick"/>
</testsuite> <!-- actions_rightclick.RightClickDoubleClick -->
