<?xml version="1.0" encoding="UTF-8"?>
<!-- Generated by org.testng.reporters.JUnitReportReporter -->
<testsuite hostname="DESKTOP-QNHJ5Q7" name="syncIssues.ExplicitWait" tests="1" failures="0" timestamp="26 Oct 2022 09:38:44 GMT" time="20.946" errors="0">
  <testcase name="verifyLoginLogoutTest" time="20.946" classname="syncIssues.ExplicitWait"/>
</testsuite> <!-- syncIssues.ExplicitWait -->
