<?xml version="1.0" encoding="UTF-8"?>
<!-- Generated by org.testng.reporters.JUnitReportReporter -->
<testsuite hostname="DESKTOP-QNHJ5Q7" name="actions_rightclick.Amazon_MoveToElementNValidate" tests="1" failures="0" timestamp="27 Oct 2022 09:17:01 GMT" time="4.733" errors="0">
  <testcase name="drapanddrop_Amazon" time="4.733" classname="actions_rightclick.Amazon_MoveToElementNValidate"/>
</testsuite> <!-- actions_rightclick.Amazon_MoveToElementNValidate -->
