<?xml version="1.0" encoding="UTF-8"?>
<!-- Generated by org.testng.reporters.JUnitReportReporter -->
<testsuite hostname="DESKTOP-QNHJ5Q7" name="logExample.NOPComLogin" tests="3" failures="0" timestamp="27 Oct 2022 10:05:22 GMT" time="5.588" errors="0">
  <testcase name="verifyLogin" time="4.353" classname="logExample.NOPComLogin"/>
  <testcase name="verifyLogout" time="1.189" classname="logExample.NOPComLogin"/>
  <testcase name="verifyAppTitle" time="0.046" classname="logExample.NOPComLogin"/>
</testsuite> <!-- logExample.NOPComLogin -->
