<?xml version="1.0" encoding="UTF-8"?>
<!-- Generated by org.testng.reporters.JUnitReportReporter -->
<testsuite hostname="DESKTOP-QNHJ5Q7" name="dataProviderExample.NOPComLogin" tests="3" failures="0" timestamp="28 Oct 2022 09:52:41 GMT" time="33.373" errors="0">
  <testcase name="verifyLoginWithInValidUser" time="10.888" classname="dataProviderExample.NOPComLogin"/>
  <testcase name="verifyLoginWithInValidUser" time="10.893" classname="dataProviderExample.NOPComLogin"/>
  <testcase name="verifyLoginWithInValidUser" time="11.592" classname="dataProviderExample.NOPComLogin"/>
</testsuite> <!-- dataProviderExample.NOPComLogin -->
