<?xml version="1.0" encoding="UTF-8"?>
<!-- Generated by org.testng.reporters.JUnitReportReporter -->
<testsuite hostname="DESKTOP-QNHJ5Q7" name="handleWindows.Windows_irctc" tests="1" failures="0" timestamp="26 Oct 2022 10:02:09 GMT" time="29.502" errors="0">
  <testcase name="verifyWindow" time="29.502" classname="handleWindows.Windows_irctc"/>
</testsuite> <!-- handleWindows.Windows_irctc -->
