<?xml version="1.0" encoding="UTF-8"?>
<!-- Generated by org.testng.reporters.JUnitReportReporter -->
<testsuite hostname="DESKTOP-QNHJ5Q7" name="testNGExample.TestNGAnnotationExample" tests="4" failures="0" timestamp="31 Oct 2022 09:07:52 GMT" time="0.017" errors="0">
  <testcase name="payment" time="0.003" classname="testNGExample.TestNGAnnotationExample"/>
  <testcase name="logout" time="0.006" classname="testNGExample.TestNGAnnotationExample"/>
  <testcase name="login" time="0.001" classname="testNGExample.TestNGAnnotationExample"/>
  <testcase name="addItems" time="0.007" classname="testNGExample.TestNGAnnotationExample"/>
</testsuite> <!-- testNGExample.TestNGAnnotationExample -->
