<?xml version="1.0" encoding="UTF-8"?>
<!-- Generated by org.testng.reporters.JUnitReportReporter -->
<testsuite hostname="DESKTOP-QNHJ5Q7" name="dragAndDropElement.DragAndDrop" tests="1" failures="0" timestamp="26 Oct 2022 11:51:07 GMT" time="1.315" errors="0">
  <testcase name="drapanddrop" time="1.315" classname="dragAndDropElement.DragAndDrop"/>
</testsuite> <!-- dragAndDropElement.DragAndDrop -->
