<?xml version="1.0" encoding="UTF-8"?>
<!-- Generated by org.testng.reporters.JUnitReportReporter -->
<testsuite skipped="0" hostname="DESKTOP-QNHJ5Q7" name="dataProviderExample.NOPComLogin" tests="3" failures="0" timestamp="02 Nov 2022 10:49:00 GMT" time="33.230" errors="0">
  <testcase name="verifyLoginWithInValidUser" time="11.467" classname="dataProviderExample.NOPComLogin"/>
  <testcase name="verifyLoginWithInValidUser" time="10.934" classname="dataProviderExample.NOPComLogin"/>
  <testcase name="verifyLoginWithInValidUser" time="10.829" classname="dataProviderExample.NOPComLogin"/>
</testsuite> <!-- dataProviderExample.NOPComLogin -->
