<?xml version="1.0" encoding="UTF-8"?>
<!-- Generated by org.testng.reporters.JUnitReportReporter -->
<testsuite skipped="0" hostname="DESKTOP-QNHJ5Q7" name="logExample.NOPComLogin" tests="3" failures="0" timestamp="28 Oct 2022 09:03:37 GMT" time="5.560" errors="0">
  <testcase name="verifyLogin" time="3.729" classname="logExample.NOPComLogin"/>
  <testcase name="verifyAppTitle" time="0.076" classname="logExample.NOPComLogin"/>
  <testcase name="verifyLogout" time="1.755" classname="logExample.NOPComLogin"/>
</testsuite> <!-- logExample.NOPComLogin -->
